
╔════════════════════════════════════════════════════════════╗
║         XYRON NEXUS STREAM - GO                            ║
║         Node.js → Go → Rust Bridge                         ║
║         Socket Node: /tmp/xyron-go.sock                    ║
║         Socket Rust: /tmp/xyron-core.sock                  ║
║         Status: PIP                                        ║
╚════════════════════════════════════════════════════════════╝
    
2026/03/07 06:37:00.592329 [NEXUS-GO] Server ready at /tmp/xyron-go.sock
2026/03/07 06:37:00.592553 [NEXUS-GO] Waiting for Node.js connections | PIP
2026/03/07 06:37:00.592677 [NEXUS-GO] Connected to Rust Core | PIP
Terminated
[CORE-RUST] XYRON Core Engine Starting...
[CORE-RUST] Listening on /tmp/xyron-core.sock

╔════════════════════════════════════════════════════════════╗
║         XYRON NEXUS STREAM - GO                            ║
║         Node.js → Go → Rust Bridge                         ║
║         Socket Node: /tmp/xyron-go.sock                    ║
║         Socket Rust: /tmp/xyron-core.sock                  ║
║         Status: PIP                                        ║
╚════════════════════════════════════════════════════════════╝
    
2026/03/07 07:14:30.807949 [NEXUS-GO] Server ready at /tmp/xyron-go.sock
2026/03/07 07:14:30.809105 [NEXUS-GO] Waiting for Node.js connections | PIP
2026/03/07 07:14:30.809198 [NEXUS-GO] Connected to Rust Core | PIP

╔════════════════════════════════════════════════════════════╗
║         XYRON NEXUS STREAM - GO                            ║
║         Node.js → Go → Rust Bridge                         ║
║         Socket Node: /tmp/xyron-go.sock                    ║
║         Socket Rust: /tmp/xyron-core.sock                  ║
║         Status: PIP                                        ║
╚════════════════════════════════════════════════════════════╝
    
2026/03/07 07:16:30.821311 [NEXUS-GO] Server ready at /tmp/xyron-go.sock
2026/03/07 07:16:30.821474 [NEXUS-GO] Waiting for Node.js connections | PIP
2026/03/07 07:16:30.821590 [NEXUS-GO] Connected to Rust Core | PIP

╔════════════════════════════════════════════════════════════╗
║         XYRON NEXUS STREAM - GO                            ║
║         Node.js → Go → Rust Bridge                         ║
║         Socket Node: /tmp/xyron-go.sock                    ║
║         Socket Rust: /tmp/xyron-core.sock                  ║
║         Status: PIP                                        ║
╚════════════════════════════════════════════════════════════╝
    
2026/03/07 07:30:30.911706 [NEXUS-GO] Server ready at /tmp/xyron-go.sock
2026/03/07 07:30:30.911821 [NEXUS-GO] Waiting for Node.js connections | PIP
2026/03/07 07:30:30.911879 [NEXUS-GO] Connected to Rust Core | PIP
