[API-NODE] [2026-03-07T03:21:07.999Z] INFO: Server listening on port 3000
[API-NODE] [2026-03-07T03:21:08.001Z] INFO: Connected to Go: YES
[API-NODE] [2026-03-07T03:21:08.001Z] INFO: Status: PIP
[API-NODE] [2026-03-07T03:24:07.985Z] INFO: [HEARTBEAT] Cycle #1 Complete: No Transactions. Status: PIP PIP
[API-NODE] [2026-03-07T03:27:08.015Z] INFO: [HEARTBEAT] Cycle #2 Complete: No Transactions. Status: PIP PIP
[API-NODE] [2026-03-07T03:30:08.046Z] INFO: [HEARTBEAT] Cycle #3 Complete: No Transactions. Status: PIP PIP
[API-NODE] [2026-03-07T03:33:08.051Z] INFO: [HEARTBEAT] Cycle #4 Complete: No Transactions. Status: PIP PIP
[API-NODE] [2026-03-07T03:36:08.079Z] INFO: [HEARTBEAT] Cycle #5 Complete: No Transactions. Status: PIP PIP
[API-NODE] [2026-03-07T03:39:08.109Z] INFO: [HEARTBEAT] Cycle #6 Complete: No Transactions. Status: PIP PIP
[API-NODE] [2026-03-07T03:42:08.138Z] INFO: [HEARTBEAT] Cycle #7 Complete: No Transactions. Status: PIP PIP
[API-NODE] [2026-03-07T03:45:08.167Z] INFO: [HEARTBEAT] Cycle #8 Complete: No Transactions. Status: PIP PIP
[API-NODE] [2026-03-07T03:48:08.176Z] INFO: [HEARTBEAT] Cycle #9 Complete: No Transactions. Status: PIP PIP
[API-NODE] [2026-03-07T03:51:08.205Z] INFO: [HEARTBEAT] Cycle #10 Complete: No Transactions. Status: PIP PIP
[API-NODE] [2026-03-07T03:54:08.230Z] INFO: [HEARTBEAT] Cycle #11 Complete: No Transactions. Status: PIP PIP
[API-NODE] [2026-03-07T03:57:08.253Z] INFO: [HEARTBEAT] Cycle #12 Complete: No Transactions. Status: PIP PIP
[API-NODE] [2026-03-07T04:00:08.281Z] INFO: [HEARTBEAT] Cycle #13 Complete: No Transactions. Status: PIP PIP
[API-NODE] [2026-03-07T04:03:08.302Z] INFO: [HEARTBEAT] Cycle #14 Complete: No Transactions. Status: PIP PIP
[API-NODE] [2026-03-07T04:15:10.334Z] INFO: Server listening on port 3000
[API-NODE] [2026-03-07T04:15:10.335Z] INFO: Connected to Go: YES
[API-NODE] [2026-03-07T04:15:10.336Z] INFO: Status: PIP
[API-NODE] [2026-03-07T04:18:10.322Z] INFO: [HEARTBEAT] Cycle #1 Complete: No Transactions. Status: PIP PIP
[API-NODE] [2026-03-07T04:20:21.094Z] INFO: Received SIGTERM, shutting down... | PIP
[API-NODE] [2026-03-07T04:25:16.809Z] INFO: Server listening on port 3000
[API-NODE] [2026-03-07T04:25:16.813Z] INFO: Connected to Go: YES
[API-NODE] [2026-03-07T04:25:16.813Z] INFO: Status: PIP
[API-NODE] [2026-03-07T04:28:16.793Z] INFO: [HEARTBEAT] Cycle #1 Complete: No Transactions. Status: PIP PIP
[API-NODE] [2026-03-07T04:31:16.822Z] INFO: [HEARTBEAT] Cycle #2 Complete: No Transactions. Status: PIP PIP
[API-NODE] [2026-03-07T04:34:16.824Z] INFO: [HEARTBEAT] Cycle #3 Complete: No Transactions. Status: PIP PIP
[API-NODE] [2026-03-07T04:37:16.841Z] INFO: [HEARTBEAT] Cycle #4 Complete: No Transactions. Status: PIP PIP
[API-NODE] [2026-03-07T04:40:16.871Z] INFO: [HEARTBEAT] Cycle #5 Complete: No Transactions. Status: PIP PIP
[API-NODE] [2026-03-07T04:43:16.900Z] INFO: [HEARTBEAT] Cycle #6 Complete: No Transactions. Status: PIP PIP
[API-NODE] [2026-03-07T04:46:16.929Z] INFO: [HEARTBEAT] Cycle #7 Complete: No Transactions. Status: PIP PIP
[API-NODE] [2026-03-07T04:47:05.438Z] INFO: Received SIGTERM, shutting down... | PIP
[API-NODE] [2026-03-07T04:56:39.612Z] INFO: Server listening on port 3000
[API-NODE] [2026-03-07T04:56:39.613Z] INFO: Connected to Go: NO
[API-NODE] [2026-03-07T04:56:39.614Z] INFO: Status: PIP PIP
[API-NODE] [2026-03-07T04:59:39.603Z] INFO: [HEARTBEAT] Cycle #1 Complete: No Transactions. Status: PIP PIP
[API-NODE] [2026-03-07T05:02:39.608Z] INFO: [HEARTBEAT] Cycle #2 Complete: No Transactions. Status: PIP PIP
[API-NODE] [2026-03-07T05:05:39.614Z] INFO: [HEARTBEAT] Cycle #3 Complete: No Transactions. Status: PIP PIP
[API-NODE] [2026-03-07T05:08:22.831Z] INFO: Received SIGTERM, shutting down... | PIP
[API-NODE] [2026-03-07T05:08:23.187Z] INFO: Server listening on port 3000
[API-NODE] [2026-03-07T05:08:23.188Z] INFO: Connected to Go: NO
[API-NODE] [2026-03-07T05:08:23.188Z] INFO: Status: PIP PIP
[API-NODE] [2026-03-07T05:14:04.478Z] INFO: Server listening on port 3000
[API-NODE] [2026-03-07T05:14:04.480Z] INFO: Connected to Go: YES
[API-NODE] [2026-03-07T05:14:04.480Z] INFO: Status: PIP
[API-NODE] [2026-03-07T05:17:04.444Z] INFO: [HEARTBEAT] Cycle #1 Complete: No Transactions. Status: PIP PIP
[API-NODE] [2026-03-07T05:20:04.456Z] INFO: [HEARTBEAT] Cycle #2 Complete: No Transactions. Status: PIP PIP
